<?xml version="1.0" encoding="UTF-8"?>
<!-- Generated by org.testng.reporters.JUnitXMLReporter -->
<testsuite ignored="0" hostname="RamLaptop" failures="2" tests="2" name="NavigateHome" time="14.32" errors="0" timestamp="2020-11-07T12:24:36 IST">
  <testcase classname="TestCases.NavigateHome" name="navigateHome" time="7.828">
    <failure type="java.lang.AssertionError" message="expected [true] but found [false]">
      <![CDATA[java.lang.AssertionError: expected [true] but found [false]
at TestCases.NavigateHome.navigateHome(NavigateHome.java:43)
at java.base/java.util.ArrayList.forEach(ArrayList.java:1507)
... Removed 31 stack frames]]>
    </failure>
  </testcase> <!-- navigateHome -->
  <testcase classname="TestCases.NavigateHome" name="navigateHome" time="7.869">
    <failure type="java.lang.NullPointerException">
      <![CDATA[java.lang.NullPointerException
at resources.Base.listener(Base.java:48)
at TestCases.Listener.onTestFailure(Listener.java:34)
at java.base/java.util.ArrayList.forEach(ArrayList.java:1507)
... Removed 24 stack frames]]>
    </failure>
  </testcase> <!-- navigateHome -->
</testsuite> <!-- NavigateHome -->
