<?xml version="1.0" encoding="UTF-8"?>
<!-- Generated by org.testng.reporters.JUnitXMLReporter -->
<testsuite ignored="0" hostname="RamLaptop" failures="0" tests="3" name="Test" time="33.896" errors="0" timestamp="2020-11-05T18:21:38 IST">
  <testcase classname="TestCases.NavigateHome" name="navigateHome" time="8.093"/>
  <testcase classname="TestCases.NavigateHome" name="navigateHome" time="4.23"/>
  <testcase classname="TestCases.Register" name="Register" time="10.42"/>
</testsuite> <!-- Test -->
