<?xml version="1.0" encoding="UTF-8"?>
<testng-results ignored="0" total="3" passed="3" failed="0" skipped="0">
  <reporter-output>
  </reporter-output>
  <suite started-at="2020-11-05T18:21:04 IST" name="Suite" finished-at="2020-11-05T18:21:38 IST" duration-ms="33896">
    <groups>
    </groups>
    <test started-at="2020-11-05T18:21:04 IST" name="Test" finished-at="2020-11-05T18:21:38 IST" duration-ms="33896">
      <class name="TestCases.NavigateHome">
        <test-method is-config="true" signature="initialize()[pri:0, instance:TestCases.NavigateHome@64e7619d]" started-at="2020-11-05T18:21:04 IST" name="initialize" finished-at="2020-11-05T18:21:10 IST" duration-ms="5387" status="PASS">
          <reporter-output>
          </reporter-output>
        </test-method> <!-- initialize -->
        <test-method signature="navigateHome(java.lang.String, java.lang.String)[pri:0, instance:TestCases.NavigateHome@64e7619d]" started-at="2020-11-05T18:21:15 IST" name="navigateHome" data-provider="getData" finished-at="2020-11-05T18:21:23 IST" duration-ms="8093" status="PASS">
          <params>
            <param index="0">
              <value>
                <![CDATA[rightuser]]>
              </value>
            </param>
            <param index="1">
              <value>
                <![CDATA[123456]]>
              </value>
            </param>
          </params>
          <reporter-output>
          </reporter-output>
        </test-method> <!-- navigateHome -->
        <test-method signature="navigateHome(java.lang.String, java.lang.String)[pri:0, instance:TestCases.NavigateHome@64e7619d]" started-at="2020-11-05T18:21:23 IST" name="navigateHome" data-provider="getData" finished-at="2020-11-05T18:21:27 IST" duration-ms="4230" status="PASS">
          <params>
            <param index="0">
              <value>
                <![CDATA[wronguser]]>
              </value>
            </param>
            <param index="1">
              <value>
                <![CDATA[123456]]>
              </value>
            </param>
          </params>
          <reporter-output>
          </reporter-output>
        </test-method> <!-- navigateHome -->
        <test-method is-config="true" signature="close()[pri:0, instance:TestCases.NavigateHome@64e7619d]" started-at="2020-11-05T18:21:38 IST" name="close" finished-at="2020-11-05T18:21:38 IST" duration-ms="42" status="PASS">
          <reporter-output>
          </reporter-output>
        </test-method> <!-- close -->
      </class> <!-- TestCases.NavigateHome -->
      <class name="TestCases.Register">
        <test-method is-config="true" signature="initialize()[pri:0, instance:TestCases.Register@495ee280]" started-at="2020-11-05T18:21:10 IST" name="initialize" finished-at="2020-11-05T18:21:15 IST" duration-ms="5469" status="PASS">
          <reporter-output>
          </reporter-output>
        </test-method> <!-- initialize -->
        <test-method signature="Register()[pri:0, instance:TestCases.Register@495ee280]" started-at="2020-11-05T18:21:27 IST" name="Register" finished-at="2020-11-05T18:21:38 IST" duration-ms="10420" status="PASS">
          <reporter-output>
          </reporter-output>
        </test-method> <!-- Register -->
        <test-method is-config="true" signature="close()[pri:0, instance:TestCases.Register@495ee280]" started-at="2020-11-05T18:21:38 IST" name="close" finished-at="2020-11-05T18:21:38 IST" duration-ms="222" status="PASS">
          <reporter-output>
          </reporter-output>
        </test-method> <!-- close -->
      </class> <!-- TestCases.Register -->
    </test> <!-- Test -->
  </suite> <!-- Suite -->
</testng-results>
